[debug] [2023-06-21T17:10:00.713Z] ----------------------------------------------------------------------
[debug] [2023-06-21T17:10:00.716Z] Command:       C:\Program Files\nodejs\node.exe C:\Users\kumar\AppData\Roaming\npm\node_modules\firebase-tools\lib\bin\firebase.js init
[debug] [2023-06-21T17:10:00.717Z] CLI Version:   12.4.0
[debug] [2023-06-21T17:10:00.718Z] Platform:      win32
[debug] [2023-06-21T17:10:00.718Z] Node Version:  v18.12.1
[debug] [2023-06-21T17:10:00.719Z] Time:          Wed Jun 21 2023 22:40:00 GMT+0530 (India Standard Time)
[debug] [2023-06-21T17:10:00.720Z] ----------------------------------------------------------------------
[debug] 
[debug] [2023-06-21T17:10:00.725Z] >>> [apiv2][query] GET https://firebase-public.firebaseio.com/cli.json [none]
[debug] [2023-06-21T17:10:00.798Z] > command requires scopes: ["email","openid","https://www.googleapis.com/auth/cloudplatformprojects.readonly","https://www.googleapis.com/auth/firebase","https://www.googleapis.com/auth/cloud-platform"]
[debug] [2023-06-21T17:10:00.798Z] > authorizing via signed-in user (kumarchembeti26@gmail.com)
[info] 
     ######## #### ########  ######## ########     ###     ######  ########
     ##        ##  ##     ## ##       ##     ##  ##   ##  ##       ##
     ######    ##  ########  ######   ########  #########  ######  ######
     ##        ##  ##    ##  ##       ##     ## ##     ##       ## ##
     ##       #### ##     ## ######## ########  ##     ##  ######  ########

You're about to initialize a Firebase project in this directory:

  C:\Users\kumar\OneDrive\Desktop\firebase\firebase_course

[debug] [2023-06-21T17:10:01.684Z] <<< [apiv2][status] GET https://firebase-public.firebaseio.com/cli.json 200
[debug] [2023-06-21T17:10:01.684Z] <<< [apiv2][body] GET https://firebase-public.firebaseio.com/cli.json {"cloudBuildErrorAfter":1594252800000,"cloudBuildWarnAfter":1590019200000,"defaultNode10After":1594252800000,"minVersion":"3.0.5","node8DeploysDisabledAfter":1613390400000,"node8RuntimeDisabledAfter":1615809600000,"node8WarnAfter":1600128000000}
[info] 
=== Project Setup
[info] 
[info] First, let's associate this project directory with a Firebase project.
[info] You can create multiple project aliases by running firebase use --add, 
[info] but for now we'll just set up a default project.
[info] 
[debug] [2023-06-21T17:11:48.306Z] > refreshing access token with scopes: []
[debug] [2023-06-21T17:11:48.308Z] >>> [apiv2][query] POST https://www.googleapis.com/oauth2/v3/token [none]
[debug] [2023-06-21T17:11:48.308Z] >>> [apiv2][body] POST https://www.googleapis.com/oauth2/v3/token [omitted]
[debug] [2023-06-21T17:11:48.707Z] <<< [apiv2][status] POST https://www.googleapis.com/oauth2/v3/token 200
[debug] [2023-06-21T17:11:48.707Z] <<< [apiv2][body] POST https://www.googleapis.com/oauth2/v3/token [omitted]
[debug] [2023-06-21T17:11:48.720Z] >>> [apiv2][query] GET https://firebase.googleapis.com/v1beta1/projects pageSize=100
[debug] [2023-06-21T17:11:50.024Z] <<< [apiv2][status] GET https://firebase.googleapis.com/v1beta1/projects 200
[debug] [2023-06-21T17:11:50.025Z] <<< [apiv2][body] GET https://firebase.googleapis.com/v1beta1/projects [omitted]
[info] i  Using project fir-course-b61d6 (firebase-course) 
[info] 
=== Hosting Setup
[info] 
[info] Your public directory is the folder (relative to your project directory) that
[info] will contain Hosting assets to be uploaded with firebase deploy. If you
[info] have a build process for your assets, use your build's output directory.
[info] 
[info] +  Wrote build/404.html 
[debug] [2023-06-21T17:12:34.942Z] >>> [apiv2][query] GET https://www.gstatic.com/firebasejs/releases.json [none]
[debug] [2023-06-21T17:12:35.230Z] <<< [apiv2][status] GET https://www.gstatic.com/firebasejs/releases.json 200
[debug] [2023-06-21T17:12:35.231Z] <<< [apiv2][body] GET https://www.gstatic.com/firebasejs/releases.json {"current":{"version":"9.22.2","browserURL":"https://www.gstatic.com/firebasejs/9.22.2/firebase.js","packageURL":"https://www.gstatic.com/firebasejs/9.22.2/firebase.tgz"},"live":{"version":"9.22","browserURL":"https://www.gstatic.com/firebasejs/live/9.22/firebase.js","packageURL":"https://www.gstatic.com/firebasejs/live/9.22/firebase.tgz"},"components":{"analytics":"https://www.gstatic.com/firebasejs/9.22.2/firebase-analytics.js","app":"https://www.gstatic.com/firebasejs/9.22.2/firebase-app.js","app-check":"https://www.gstatic.com/firebasejs/9.22.2/firebase-app-check.js","auth":"https://www.gstatic.com/firebasejs/9.22.2/firebase-auth.js","auth/cordova":"https://www.gstatic.com/firebasejs/9.22.2/firebase-auth/cordova.js","auth/react-native":"https://www.gstatic.com/firebasejs/9.22.2/firebase-auth/react-native.js","functions":"https://www.gstatic.com/firebasejs/9.22.2/firebase-functions.js","firestore":"https://www.gstatic.com/firebasejs/9.22.2/firebase-firestore.js","firestore/lite":"https://www.gstatic.com/firebasejs/9.22.2/firebase-firestore/lite.js","installations":"https://www.gstatic.com/firebasejs/9.22.2/firebase-installations.js","storage":"https://www.gstatic.com/firebasejs/9.22.2/firebase-storage.js","performance":"https://www.gstatic.com/firebasejs/9.22.2/firebase-performance.js","remote-config":"https://www.gstatic.com/firebasejs/9.22.2/firebase-remote-config.js","messaging":"https://www.gstatic.com/firebasejs/9.22.2/firebase-messaging.js","messaging/sw":"https://www.gstatic.com/firebasejs/9.22.2/firebase-messaging/sw.js","database":"https://www.gstatic.com/firebasejs/9.22.2/firebase-database.js","firestore.memory":"https://www.gstatic.com/firebasejs/9.22.2/firebase-firestore.memory.js"}}
[info] i  Skipping write of build/index.html 
[info] 
[info] i  Detected a .git folder at C:\Users\kumar\OneDrive\Desktop\firebase\firebase_course 
[info] i  Authorizing with GitHub to upload your service account to a GitHub repository's secrets store. 
[info] 
[info] Visit this URL on this device to log in:
[info] https://github.com/login/oauth/authorize?client_id=89cf50f02ac6aaed3484&state=95232372&redirect_uri=http%3A%2F%2Flocalhost%3A9005&scope=read%3Auser%20repo%20public_repo
[info] 
[info] Waiting for authentication...
[debug] [2023-06-21T17:12:44.726Z] >>> [apiv2][query] POST https://github.com/login/oauth/access_token [none]
[debug] [2023-06-21T17:12:44.726Z] >>> [apiv2][body] POST https://github.com/login/oauth/access_token [stream]
[debug] [2023-06-21T17:12:45.387Z] <<< [apiv2][status] POST https://github.com/login/oauth/access_token 200
[debug] [2023-06-21T17:12:45.387Z] <<< [apiv2][body] POST https://github.com/login/oauth/access_token {"access_token":"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","token_type":"bearer","scope":"read:user,repo"}
[debug] [2023-06-21T17:12:45.405Z] >>> [apiv2][query] GET https://api.github.com/user [none]
[debug] [2023-06-21T17:12:45.994Z] <<< [apiv2][status] GET https://api.github.com/user 200
[debug] [2023-06-21T17:12:45.995Z] <<< [apiv2][body] GET https://api.github.com/user {"login":"95027","id":96567025,"node_id":"U_kgDOBcF-8Q","avatar_url":"https://avatars.githubusercontent.com/u/96567025?v=4","gravatar_id":"","url":"https://api.github.com/users/95027","html_url":"https://github.com/95027","followers_url":"https://api.github.com/users/95027/followers","following_url":"https://api.github.com/users/95027/following{/other_user}","gists_url":"https://api.github.com/users/95027/gists{/gist_id}","starred_url":"https://api.github.com/users/95027/starred{/owner}{/repo}","subscriptions_url":"https://api.github.com/users/95027/subscriptions","organizations_url":"https://api.github.com/users/95027/orgs","repos_url":"https://api.github.com/users/95027/repos","events_url":"https://api.github.com/users/95027/events{/privacy}","received_events_url":"https://api.github.com/users/95027/received_events","type":"User","site_admin":false,"name":"Ch. Sai Kumar","company":null,"blog":"","location":"Hyderabad","email":null,"hireable":true,"bio":"I am Sai Kumar completed B.tech looking for a job.  As a fresher, I am quite adaptable and willingness to learn new technologies.","twitter_username":null,"public_repos":48,"public_gists":0,"followers":1,"following":0,"created_at":"2021-12-23T07:32:19Z","updated_at":"2023-04-02T16:18:58Z","private_gists":0,"total_private_repos":0,"owned_private_repos":0,"disk_usage":52637,"collaborators":0,"two_factor_authentication":false,"plan":{"name":"free","space":976562499,"collaborators":0,"private_repos":10000}}
[info] 
[info] +  Success! Logged into GitHub as 95027 
[info] 
